<?xml version="1.0" encoding="UTF-8"?>
<!-- Generated by org.testng.reporters.JUnitReportReporter -->
<testsuite skipped="0" hostname="Valar-Morghulis" name="dayEight.VerifyFacebookLogin" tests="1" failures="0" timestamp="17 Dec 2018 17:30:15 GMT" time="15.491" errors="0">
  <testcase name="checkValidUser" time="15.491" classname="dayEight.VerifyFacebookLogin"/>
</testsuite> <!-- dayEight.VerifyFacebookLogin -->
