<?xml version="1.0" encoding="UTF-8"?>
<suite name="Suite" parallel="false">
  <test name="Flipkart Project">
  	
  	<groups name="Test cases">
  		<run>
  			<include name="Invoke browser and go to url" />
  			<include name="Search for product and add to cart" />
  			<include name="Check out order and catch exception" />
  			<include name="Close browser" />
  		</run>
  	</groups>
  
    <classes>
  
      <class name="daySeven.TestFlipkartWebsite"/>
  
    </classes>
  
  </test>
</suite>